<?xml version="1.0" encoding="UTF-8"?>
<testng-results skipped="0" failed="0" ignored="0" total="1" passed="1">
  <reporter-output>
  </reporter-output>
  <suite name="runnerclass" duration-ms="102401" started-at="2023-01-11T07:21:39 PST" finished-at="2023-01-11T07:23:21 PST">
    <groups>
      <group name="cucumber">
        <method signature="AbstractTestNGCucumberTests.runScenario(io.cucumber.testng.PickleWrapper,io.cucumber.testng.FeatureWrapper)[pri:0, instance:com.qa.runnerclass.SendEmailRunnerClass@43738a82]" name="runScenario" class="io.cucumber.testng.AbstractTestNGCucumberTests"/>
      </group> <!-- cucumber -->
    </groups>
    <test name="Test" duration-ms="102401" started-at="2023-01-11T07:21:39 PST" finished-at="2023-01-11T07:23:21 PST">
      <class name="com.qa.runnerclass.SendEmailRunnerClass">
        <test-method status="PASS" signature="setUpClass(org.testng.ITestContext)[pri:0, instance:com.qa.runnerclass.SendEmailRunnerClass@43738a82]" name="setUpClass" is-config="true" duration-ms="1109" started-at="2023-01-11T07:21:39 PST" finished-at="2023-01-11T07:21:40 PST">
          <params>
            <param index="0">
              <value>
                <![CDATA[org.testng.TestRunner@53311681]]>
              </value>
            </param>
          </params>
          <reporter-output>
          </reporter-output>
        </test-method> <!-- setUpClass -->
        <test-method status="PASS" signature="runScenario(io.cucumber.testng.PickleWrapper,io.cucumber.testng.FeatureWrapper)[pri:0, instance:com.qa.runnerclass.SendEmailRunnerClass@43738a82]" name="runScenario" duration-ms="101134" started-at="2023-01-11T07:21:40 PST" description="Runs Cucumber Scenarios" data-provider="scenarios" finished-at="2023-01-11T07:23:21 PST">
          <params>
            <param index="0">
              <value>
                <![CDATA["Sample"]]>
              </value>
            </param>
            <param index="1">
              <value>
                <![CDATA["Send Email"]]>
              </value>
            </param>
          </params>
          <reporter-output>
          </reporter-output>
        </test-method> <!-- runScenario -->
        <test-method status="PASS" signature="tearDownClass()[pri:0, instance:com.qa.runnerclass.SendEmailRunnerClass@43738a82]" name="tearDownClass" is-config="true" duration-ms="96" started-at="2023-01-11T07:23:21 PST" finished-at="2023-01-11T07:23:21 PST">
          <reporter-output>
          </reporter-output>
        </test-method> <!-- tearDownClass -->
      </class> <!-- com.qa.runnerclass.SendEmailRunnerClass -->
    </test> <!-- Test -->
  </suite> <!-- runnerclass -->
</testng-results>
